# JRE version: OpenJDK Runtime Environment (17.0.6) (build 17.0.6+0-b2043.56-10027231)
# Java VM: OpenJDK 64-Bit Server VM (17.0.6+0-b2043.56-10027231, mixed mode, tiered, compressed oops, compressed class ptrs, g1 gc, windows-amd64)
GC Precious Log:
 CPUs: 8 total, 8 available
 Memory: 7995M
 Large Page Support: Disabled
 NUMA Support: Disabled
 Compressed Oops: Enabled (32-bit)
 Heap Region Size: 1M
 Heap Min Capacity: 8M
 Heap Initial Capacity: 126M
 Heap Max Capacity: 2G
 Pre-touch: Disabled
 Parallel Workers: 8
 Concurrent Workers: 2
 Concurrent Refinement Workers: 8
 Periodic GC: Disabled
Heap:
 garbage-first heap   total 125952K, used 74263K [0x0000000080000000, 0x0000000100000000)
  region size 1024K, 14 young (14336K), 4 survivors (4096K)
 Metaspace       used 47244K, committed 47680K, reserved 1097728K
  class space    used 6271K, committed 6464K, reserved 1048576K
GC Heap History (20 events):
Event: 11.136 GC heap before
{Heap before GC invocations=5 (full 0):
 garbage-first heap   total 68608K, used 49195K [0x0000000080000000, 0x0000000100000000)
  region size 1024K, 25 young (25600K), 3 survivors (3072K)
 Metaspace       used 29401K, committed 29760K, reserved 1081344K
  class space    used 3978K, committed 4160K, reserved 1048576K
}
Event: 11.142 GC heap after
{Heap after GC invocations=6 (full 0):
 garbage-first heap   total 68608K, used 32621K [0x0000000080000000, 0x0000000100000000)
  region size 1024K, 4 young (4096K), 4 survivors (4096K)
 Metaspace       used 29401K, committed 29760K, reserved 1081344K
  class space    used 3978K, committed 4160K, reserved 1048576K
}
Event: 11.354 GC heap before
{Heap before GC invocations=6 (full 0):
 garbage-first heap   total 68608K, used 44909K [0x0000000080000000, 0x0000000100000000)
  region size 1024K, 5 young (5120K), 4 survivors (4096K)
 Metaspace       used 29403K, committed 29760K, reserved 1081344K
  class space    used 3978K, committed 4160K, reserved 1048576K
}
Event: 11.357 GC heap after
{Heap after GC invocations=7 (full 0):
 garbage-first heap   total 68608K, used 45221K [0x0000000080000000, 0x0000000100000000)
  region size 1024K, 1 young (1024K), 1 survivors (1024K)
 Metaspace       used 29403K, committed 29760K, reserved 1081344K
  class space    used 3978K, committed 4160K, reserved 1048576K
}
Event: 11.682 GC heap before
{Heap before GC invocations=8 (full 0):
 garbage-first heap   total 83968K, used 54437K [0x0000000080000000, 0x0000000100000000)
  region size 1024K, 9 young (9216K), 1 survivors (1024K)
 Metaspace       used 30356K, committed 30720K, reserved 1081344K
  class space    used 4129K, committed 4288K, reserved 1048576K
}
Event: 11.685 GC heap after
{Heap after GC invocations=9 (full 0):
 garbage-first heap   total 83968K, used 49029K [0x0000000080000000, 0x0000000100000000)
  region size 1024K, 2 young (2048K), 2 survivors (2048K)
 Metaspace       used 30356K, committed 30720K, reserved 1081344K
  class space    used 4129K, committed 4288K, reserved 1048576K
}
Event: 12.183 GC heap before
{Heap before GC invocations=9 (full 0):
 garbage-first heap   total 83968K, used 62341K [0x0000000080000000, 0x0000000100000000)
  region size 1024K, 16 young (16384K), 2 survivors (2048K)
 Metaspace       used 32276K, committed 32576K, reserved 1081344K
  class space    used 4439K, committed 4608K, reserved 1048576K
}
Event: 12.186 GC heap after
{Heap after GC invocations=10 (full 0):
 garbage-first heap   total 83968K, used 49870K [0x0000000080000000, 0x0000000100000000)
  region size 1024K, 1 young (1024K), 1 survivors (1024K)
 Metaspace       used 32276K, committed 32576K, reserved 1081344K
  class space    used 4439K, committed 4608K, reserved 1048576K
}
Event: 12.880 GC heap before
{Heap before GC invocations=11 (full 0):
 garbage-first heap   total 87040K, used 65230K [0x0000000080000000, 0x0000000100000000)
  region size 1024K, 16 young (16384K), 1 survivors (1024K)
 Metaspace       used 34318K, committed 34688K, reserved 1081344K
  class space    used 4772K, committed 4928K, reserved 1048576K
}
Event: 12.883 GC heap after
{Heap after GC invocations=12 (full 0):
 garbage-first heap   total 87040K, used 50529K [0x0000000080000000, 0x0000000100000000)
  region size 1024K, 2 young (2048K), 2 survivors (2048K)
 Metaspace       used 34318K, committed 34688K, reserved 1081344K
  class space    used 4772K, committed 4928K, reserved 1048576K
}
Event: 13.642 GC heap before
{Heap before GC invocations=12 (full 0):
 garbage-first heap   total 87040K, used 67937K [0x0000000080000000, 0x0000000100000000)
  region size 1024K, 20 young (20480K), 2 survivors (2048K)
 Metaspace       used 39778K, committed 40128K, reserved 1089536K
  class space    used 5362K, committed 5504K, reserved 1048576K
}
Event: 13.646 GC heap after
{Heap after GC invocations=13 (full 0):
 garbage-first heap   total 87040K, used 52620K [0x0000000080000000, 0x0000000100000000)
  region size 1024K, 3 young (3072K), 3 survivors (3072K)
 Metaspace       used 39778K, committed 40128K, reserved 1089536K
  class space    used 5362K, committed 5504K, reserved 1048576K
}
Event: 14.369 GC heap before
{Heap before GC invocations=14 (full 0):
 garbage-first heap   total 91136K, used 69004K [0x0000000080000000, 0x0000000100000000)
  region size 1024K, 20 young (20480K), 3 survivors (3072K)
 Metaspace       used 41726K, committed 42112K, reserved 1089536K
  class space    used 5573K, committed 5760K, reserved 1048576K
}
Event: 14.379 GC heap after
{Heap after GC invocations=15 (full 0):
 garbage-first heap   total 91136K, used 55350K [0x0000000080000000, 0x0000000100000000)
  region size 1024K, 3 young (3072K), 3 survivors (3072K)
 Metaspace       used 41726K, committed 42112K, reserved 1089536K
  class space    used 5573K, committed 5760K, reserved 1048576K
}
Event: 14.563 GC heap before
{Heap before GC invocations=15 (full 0):
 garbage-first heap   total 91136K, used 68662K [0x0000000080000000, 0x0000000100000000)
  region size 1024K, 18 young (18432K), 3 survivors (3072K)
 Metaspace       used 42194K, committed 42624K, reserved 1089536K
  class space    used 5619K, committed 5824K, reserved 1048576K
}
Event: 14.568 GC heap after
{Heap after GC invocations=16 (full 0):
 garbage-first heap   total 91136K, used 56312K [0x0000000080000000, 0x0000000100000000)
  region size 1024K, 3 young (3072K), 3 survivors (3072K)
 Metaspace       used 42194K, committed 42624K, reserved 1089536K
  class space    used 5619K, committed 5824K, reserved 1048576K
}
Event: 15.077 GC heap before
{Heap before GC invocations=17 (full 0):
 garbage-first heap   total 104448K, used 75768K [0x0000000080000000, 0x0000000100000000)
  region size 1024K, 19 young (19456K), 3 survivors (3072K)
 Metaspace       used 45061K, committed 45440K, reserved 1089536K
  class space    used 5947K, committed 6144K, reserved 1048576K
}
Event: 15.080 GC heap after
{Heap after GC invocations=18 (full 0):
 garbage-first heap   total 104448K, used 57193K [0x0000000080000000, 0x0000000100000000)
  region size 1024K, 2 young (2048K), 2 survivors (2048K)
 Metaspace       used 45061K, committed 45440K, reserved 1089536K
  class space    used 5947K, committed 6144K, reserved 1048576K
}
Event: 15.525 GC heap before
{Heap before GC invocations=18 (full 0):
 garbage-first heap   total 104448K, used 71529K [0x0000000080000000, 0x0000000100000000)
  region size 1024K, 18 young (18432K), 2 survivors (2048K)
 Metaspace       used 46651K, committed 47104K, reserved 1097728K
  class space    used 6188K, committed 6400K, reserved 1048576K
}
Event: 15.529 GC heap after
{Heap after GC invocations=19 (full 0):
 garbage-first heap   total 125952K, used 58903K [0x0000000080000000, 0x0000000100000000)
  region size 1024K, 4 young (4096K), 4 survivors (4096K)
 Metaspace       used 46651K, committed 47104K, reserved 1097728K
  class space    used 6188K, committed 6400K, reserved 1048576K
}

