# JRE version: OpenJDK Runtime Environment (17.0.6) (build 17.0.6+0-b2043.56-10027231)
# Java VM: OpenJDK 64-Bit Server VM (17.0.6+0-b2043.56-10027231, mixed mode, tiered, compressed oops, compressed class ptrs, g1 gc, windows-amd64)
GC Precious Log:
 CPUs: 8 total, 8 available
 Memory: 7995M
 Large Page Support: Disabled
 NUMA Support: Disabled
 Compressed Oops: Enabled (32-bit)
 Heap Region Size: 1M
 Heap Min Capacity: 8M
 Heap Initial Capacity: 126M
 Heap Max Capacity: 2G
 Pre-touch: Disabled
 Parallel Workers: 8
 Concurrent Workers: 2
 Concurrent Refinement Workers: 8
 Periodic GC: Disabled
Heap:
 garbage-first heap   total 82944K, used 46649K [0x0000000080000000, 0x0000000100000000)
  region size 1024K, 18 young (18432K), 5 survivors (5120K)
 Metaspace       used 56042K, committed 56512K, reserved 1097728K
  class space    used 7425K, committed 7680K, reserved 1048576K
GC Heap History (20 events):
Event: 0.969 GC heap before
{Heap before GC invocations=1 (full 0):
 garbage-first heap   total 129024K, used 40192K [0x0000000080000000, 0x0000000100000000)
  region size 1024K, 31 young (31744K), 3 survivors (3072K)
 Metaspace       used 11207K, committed 11456K, reserved 1064960K
  class space    used 1161K, committed 1280K, reserved 1048576K
}
Event: 0.974 GC heap after
{Heap after GC invocations=2 (full 0):
 garbage-first heap   total 129024K, used 14778K [0x0000000080000000, 0x0000000100000000)
  region size 1024K, 4 young (4096K), 4 survivors (4096K)
 Metaspace       used 11207K, committed 11456K, reserved 1064960K
  class space    used 1161K, committed 1280K, reserved 1048576K
}
Event: 1.905 GC heap before
{Heap before GC invocations=2 (full 0):
 garbage-first heap   total 129024K, used 53690K [0x0000000080000000, 0x0000000100000000)
  region size 1024K, 43 young (44032K), 4 survivors (4096K)
 Metaspace       used 21252K, committed 21504K, reserved 1073152K
  class space    used 2578K, committed 2688K, reserved 1048576K
}
Event: 1.911 GC heap after
{Heap after GC invocations=3 (full 0):
 garbage-first heap   total 129024K, used 18764K [0x0000000080000000, 0x0000000100000000)
  region size 1024K, 8 young (8192K), 8 survivors (8192K)
 Metaspace       used 21252K, committed 21504K, reserved 1073152K
  class space    used 2578K, committed 2688K, reserved 1048576K
}
Event: 2.454 GC heap before
{Heap before GC invocations=4 (full 0):
 garbage-first heap   total 68608K, used 51532K [0x0000000080000000, 0x0000000100000000)
  region size 1024K, 40 young (40960K), 8 survivors (8192K)
 Metaspace       used 26388K, committed 26624K, reserved 1073152K
  class space    used 3473K, committed 3584K, reserved 1048576K
}
Event: 2.460 GC heap after
{Heap after GC invocations=5 (full 0):
 garbage-first heap   total 68608K, used 20868K [0x0000000080000000, 0x0000000100000000)
  region size 1024K, 3 young (3072K), 3 survivors (3072K)
 Metaspace       used 26388K, committed 26624K, reserved 1073152K
  class space    used 3473K, committed 3584K, reserved 1048576K
}
Event: 2.920 GC heap before
{Heap before GC invocations=5 (full 0):
 garbage-first heap   total 68608K, used 47492K [0x0000000080000000, 0x0000000100000000)
  region size 1024K, 29 young (29696K), 3 survivors (3072K)
 Metaspace       used 30484K, committed 30784K, reserved 1081344K
  class space    used 4140K, committed 4288K, reserved 1048576K
}
Event: 2.922 GC heap after
{Heap after GC invocations=6 (full 0):
 garbage-first heap   total 68608K, used 22013K [0x0000000080000000, 0x0000000100000000)
  region size 1024K, 4 young (4096K), 4 survivors (4096K)
 Metaspace       used 30484K, committed 30784K, reserved 1081344K
  class space    used 4140K, committed 4288K, reserved 1048576K
}
Event: 3.258 GC heap before
{Heap before GC invocations=6 (full 0):
 garbage-first heap   total 68608K, used 48637K [0x0000000080000000, 0x0000000100000000)
  region size 1024K, 30 young (30720K), 4 survivors (4096K)
 Metaspace       used 34896K, committed 35264K, reserved 1081344K
  class space    used 4828K, committed 4992K, reserved 1048576K
}
Event: 3.265 GC heap after
{Heap after GC invocations=7 (full 0):
 garbage-first heap   total 68608K, used 24013K [0x0000000080000000, 0x0000000100000000)
  region size 1024K, 4 young (4096K), 4 survivors (4096K)
 Metaspace       used 34896K, committed 35264K, reserved 1081344K
  class space    used 4828K, committed 4992K, reserved 1048576K
}
Event: 3.330 GC heap before
{Heap before GC invocations=7 (full 0):
 garbage-first heap   total 68608K, used 26061K [0x0000000080000000, 0x0000000100000000)
  region size 1024K, 7 young (7168K), 4 survivors (4096K)
 Metaspace       used 35615K, committed 35968K, reserved 1081344K
  class space    used 4873K, committed 5056K, reserved 1048576K
}
Event: 3.334 GC heap after
{Heap after GC invocations=8 (full 0):
 garbage-first heap   total 82944K, used 24235K [0x0000000080000000, 0x0000000100000000)
  region size 1024K, 3 young (3072K), 3 survivors (3072K)
 Metaspace       used 35615K, committed 35968K, reserved 1081344K
  class space    used 4873K, committed 5056K, reserved 1048576K
}
Event: 3.827 GC heap before
{Heap before GC invocations=9 (full 0):
 garbage-first heap   total 82944K, used 58027K [0x0000000080000000, 0x0000000100000000)
  region size 1024K, 37 young (37888K), 3 survivors (3072K)
 Metaspace       used 40743K, committed 41024K, reserved 1089536K
  class space    used 5405K, committed 5504K, reserved 1048576K
}
Event: 3.832 GC heap after
{Heap after GC invocations=10 (full 0):
 garbage-first heap   total 82944K, used 27977K [0x0000000080000000, 0x0000000100000000)
  region size 1024K, 5 young (5120K), 5 survivors (5120K)
 Metaspace       used 40743K, committed 41024K, reserved 1089536K
  class space    used 5405K, committed 5504K, reserved 1048576K
}
Event: 4.517 GC heap before
{Heap before GC invocations=10 (full 0):
 garbage-first heap   total 82944K, used 63817K [0x0000000080000000, 0x0000000100000000)
  region size 1024K, 37 young (37888K), 5 survivors (5120K)
 Metaspace       used 44721K, committed 45120K, reserved 1089536K
  class space    used 5815K, committed 6016K, reserved 1048576K
}
Event: 4.525 GC heap after
{Heap after GC invocations=11 (full 0):
 garbage-first heap   total 82944K, used 30479K [0x0000000080000000, 0x0000000100000000)
  region size 1024K, 3 young (3072K), 3 survivors (3072K)
 Metaspace       used 44721K, committed 45120K, reserved 1089536K
  class space    used 5815K, committed 6016K, reserved 1048576K
}
Event: 8.971 GC heap before
{Heap before GC invocations=11 (full 0):
 garbage-first heap   total 82944K, used 61199K [0x0000000080000000, 0x0000000100000000)
  region size 1024K, 33 young (33792K), 3 survivors (3072K)
 Metaspace       used 48933K, committed 49408K, reserved 1097728K
  class space    used 6509K, committed 6720K, reserved 1048576K
}
Event: 8.977 GC heap after
{Heap after GC invocations=12 (full 0):
 garbage-first heap   total 82944K, used 32089K [0x0000000080000000, 0x0000000100000000)
  region size 1024K, 4 young (4096K), 4 survivors (4096K)
 Metaspace       used 48933K, committed 49408K, reserved 1097728K
  class space    used 6509K, committed 6720K, reserved 1048576K
}
Event: 10.927 GC heap before
{Heap before GC invocations=12 (full 0):
 garbage-first heap   total 82944K, used 62809K [0x0000000080000000, 0x0000000100000000)
  region size 1024K, 34 young (34816K), 4 survivors (4096K)
 Metaspace       used 52480K, committed 52928K, reserved 1097728K
  class space    used 7023K, committed 7232K, reserved 1048576K
}
Event: 10.937 GC heap after
{Heap after GC invocations=13 (full 0):
 garbage-first heap   total 82944K, used 34361K [0x0000000080000000, 0x0000000100000000)
  region size 1024K, 5 young (5120K), 5 survivors (5120K)
 Metaspace       used 52480K, committed 52928K, reserved 1097728K
  class space    used 7023K, committed 7232K, reserved 1048576K
}

